1615030519655	geckodriver	INFO	Listening on 127.0.0.1:54105
1615030522721	mozrunner::runner	INFO	Running command: "C:\\Program Files\\Mozilla Firefox\\firefox.exe" "--marionette" "-foreground" "-no-remote" "-profile" "C:\\Users\\Viktor\\AppData\\Local\\Temp\\rust_mozprofilehjuip5"
console.warn: SearchSettings: "get: No settings file exists, new profile?" (new Error("", "(unknown module)"))
1615030524942	Marionette	INFO	Listening on port 54115
1615030525389	Marionette	WARN	TLS certificate errors will be ignored for this session
1615030534363	Marionette	INFO	Stopped listening on port 54115

###!!! [Child][RunMessage] Error: Channel closing: too late to send/recv, messages will be lost


###!!! [Child][RunMessage] Error: Channel closing: too late to send/recv, messages will be lost

1615030617593	geckodriver	INFO	Listening on 127.0.0.1:54355
1615030620644	mozrunner::runner	INFO	Running command: "C:\\Program Files\\Mozilla Firefox\\firefox.exe" "--marionette" "-foreground" "-no-remote" "-profile" "C:\\Users\\Viktor\\AppData\\Local\\Temp\\rust_mozprofileDBAohZ"
console.warn: SearchSettings: "get: No settings file exists, new profile?" (new Error("", "(unknown module)"))
1615030622813	Marionette	INFO	Listening on port 54363
1615030623302	Marionette	WARN	TLS certificate errors will be ignored for this session
1615030639259	Marionette	INFO	Stopped listening on port 54363

###!!! [Child][RunMessage] Error: Channel closing: too late to send/recv, messages will be lost

1615030664269	geckodriver	INFO	Listening on 127.0.0.1:54624
1615030667313	mozrunner::runner	INFO	Running command: "C:\\Program Files\\Mozilla Firefox\\firefox.exe" "--marionette" "-foreground" "-no-remote" "-profile" "C:\\Users\\Viktor\\AppData\\Local\\Temp\\rust_mozprofileFMHBnV"
console.warn: SearchSettings: "get: No settings file exists, new profile?" (new Error("", "(unknown module)"))
1615030669464	Marionette	INFO	Listening on port 54632
1615030669978	Marionette	WARN	TLS certificate errors will be ignored for this session
JavaScript error: https://s0.2mdn.net/sadbundle/9404801015268484879/index.html, line 297: TypeError: studio.Enabler is undefined
1615030698882	Marionette	INFO	Stopped listening on port 54632

###!!! [Child][RunMessage] Error: Channel closing: too late to send/recv, messages will be lost

1615030773048	geckodriver	INFO	Listening on 127.0.0.1:54935
1615030776142	mozrunner::runner	INFO	Running command: "C:\\Program Files\\Mozilla Firefox\\firefox.exe" "--marionette" "-foreground" "-no-remote" "-profile" "C:\\Users\\Viktor\\AppData\\Local\\Temp\\rust_mozprofileBka0yF"
console.warn: SearchSettings: "get: No settings file exists, new profile?" (new Error("", "(unknown module)"))
1615030778460	Marionette	INFO	Listening on port 54945
1615030778810	Marionette	WARN	TLS certificate errors will be ignored for this session
1615030806196	Marionette	INFO	Stopped listening on port 54945

###!!! [Child][RunMessage] Error: Channel closing: too late to send/recv, messages will be lost

"--marionette" "-foreground" "-no-remote" "-profile" "C:\\Users\\Viktor\\AppData\\Local\\Temp\\rust_mozprofileMd4LO1"
console.warn: SearchSettings: "get: No settings file exists, new profile?" (new Error("", "(unknown module)"))
1615030784098	Marionette	INFO	Listening on port 54991
1615030784544	Marionette	WARN	TLS certificate errors will be ignored for this session
1615030807463	Marionette	INFO	Stopped listening on port 54991

###!!! [Child][RunMessage] Error: Channel closing: too late to send/recv, messages will be lost

1615033577612	geckodriver	INFO	Listening on 127.0.0.1:56465
1615033580694	mozrunner::runner	INFO	Running command: "C:\\Program Files\\Mozilla Firefox\\firefox.exe" "--marionette" "-foreground" "-no-remote" "-profile" "C:\\Users\\Viktor\\AppData\\Local\\Temp\\rust_mozprofileCzVadA"
console.warn: SearchSettings: "get: No settings file exists, new profile?" (new Error("", "(unknown module)"))
1615033584038	Marionette	INFO	Listening on port 56475
1615033584404	Marionette	WARN	TLS certificate errors will be ignored for this session
1615033587936	Marionette	INFO	Stopped listening on port 56475

###!!! [Child][RunMessage] Error: Channel closing: too late to send/recv, messages will be lost

1615033794298	geckodriver	INFO	Listening on 127.0.0.1:56690
1615033797345	mozrunner::runner	INFO	Running command: "C:\\Program Files\\Mozilla Firefox\\firefox.exe" "--marionette" "-foreground" "-no-remote" "-profile" "C:\\Users\\Viktor\\AppData\\Local\\Temp\\rust_mozprofilelvf6us"
console.warn: SearchSettings: "get: No settings file exists, new profile?" (new Error("", "(unknown module)"))
1615033799718	Marionette	INFO	Listening on port 56704
1615033799998	Marionette	WARN	TLS certificate errors will be ignored for this session
1615033803682	Marionette	INFO	Stopped listening on port 56704

###!!! [Child][MessageChannel] Error: (msgtype=0x6B0027,name=PNecko::Msg_RemoveRequestContext) Channel closing: too late to send/recv, messages will be lost


###!!! [Child][RunMessage] Error: Channel closing: too late to send/recv, messages will be lost

1615033810393	geckodriver	INFO	Listening on 127.0.0.1:56787
1615033813436	mozrunner::runner	INFO	Running command: "C:\\Program Files\\Mozilla Firefox\\firefox.exe" "--marionette" "-foreground" "-no-remote" "-profile" "C:\\Users\\Viktor\\AppData\\Local\\Temp\\rust_mozprofilejCoNZz"
console.warn: SearchSettings: "get: No settings file exists, new profile?" (new Error("", "(unknown module)"))
1615033815736	Marionette	INFO	Listening on port 56797
1615033816119	Marionette	WARN	TLS certificate errors will be ignored for this session
1615033851546	geckodriver	INFO	Listening on 127.0.0.1:56904
1615033854609	mozrunner::runner	INFO	Running command: "C:\\Program Files\\Mozilla Firefox\\firefox.exe" "--marionette" "-foreground" "-no-remote" "-profile" "C:\\Users\\Viktor\\AppData\\Local\\Temp\\rust_mozprofilewTh31i"
console.warn: SearchSettings: "get: No settings file exists, new profile?" (new Error("", "(unknown module)"))
1615033856761	Marionette	INFO	Listening on port 56914
1615033857278	Marionette	WARN	TLS certificate errors will be ignored for this session
1615033861013	Marionette	INFO	Stopped listening on port 56914

###!!! [Child][RunMessage] Error: Channel closing: too late to send/recv, messages will be lost

1615033868133	geckodriver	INFO	Listening on 127.0.0.1:56997
1615033871167	mozrunner::runner	INFO	Running command: "C:\\Program Files\\Mozilla Firefox\\firefox.exe" "--marionette" "-foreground" "-no-remote" "-profile" "C:\\Users\\Viktor\\AppData\\Local\\Temp\\rust_mozprofileh1hzfw"
console.warn: SearchSettings: "get: No settings file exists, new profile?" (new Error("", "(unknown module)"))
1615033873325	Marionette	INFO	Listening on port 57006
1615033873822	Marionette	WARN	TLS certificate errors will be ignored for this session
1615033877551	Marionette	INFO	Stopped listening on port 57006
1615034057031	geckodriver	INFO	Listening on 127.0.0.1:57266
1615034060064	mozrunner::runner	INFO	Running command: "C:\\Program Files\\Mozilla Firefox\\firefox.exe" "--marionette" "-foreground" "-no-remote" "-profile" "C:\\Users\\Viktor\\AppData\\Local\\Temp\\rust_mozprofileAPwUsO"
console.warn: SearchSettings: "get: No settings file exists, new profile?" (new Error("", "(unknown module)"))
1615034062397	Marionette	INFO	Listening on port 57278
1615034062724	Marionette	WARN	TLS certificate errors will be ignored for this session
1615034068522	Marionette	INFO	Stopped listening on port 57278
[Child 15300, IPC I/O Child] WARNING: pipe error: 232: file /builds/worker/checkouts/gecko/ipc/chromium/src/chrome/common/ipc_channel_win.cc:545

###!!! [Child][RunMessage] Error: Channel closing: too late to send/recv, messages will be lost

1615034305114	geckodriver	INFO	Listening on 127.0.0.1:57566
1615034308143	mozrunner::runner	INFO	Running command: "C:\\Program Files\\Mozilla Firefox\\firefox.exe" "--marionette" "-foreground" "-no-remote" "-profile" "C:\\Users\\Viktor\\AppData\\Local\\Temp\\rust_mozprofile3dN4fe"
console.warn: SearchSettings: "get: No settings file exists, new profile?" (new Error("", "(unknown module)"))
1615034310380	Marionette	INFO	Listening on port 57578
1615034310814	Marionette	WARN	TLS certificate errors will be ignored for this session
1615034314260	Marionette	INFO	Stopped listening on port 57578
1615034334987	geckodriver	INFO	Listening on 127.0.0.1:57666
1615034338017	mozrunner::runner	INFO	Running command: "C:\\Program Files\\Mozilla Firefox\\firefox.exe" "--marionette" "-foreground" "-no-remote" "-profile" "C:\\Users\\Viktor\\AppData\\Local\\Temp\\rust_mozprofileBz6kVk"
console.warn: SearchSettings: "get: No settings file exists, new profile?" (new Error("", "(unknown module)"))
1615034340262	Marionette	INFO	Listening on port 57679
1615034340674	Marionette	WARN	TLS certificate errors will be ignored for this session
1615034344008	Marionette	INFO	Stopped listening on port 57679
1615034385503	geckodriver	INFO	Listening on 127.0.0.1:57779
1615034388559	mozrunner::runner	INFO	Running command: "C:\\Program Files\\Mozilla Firefox\\firefox.exe" "--marionette" "-foreground" "-no-remote" "-profile" "C:\\Users\\Viktor\\AppData\\Local\\Temp\\rust_mozprofileZAgtHX"
console.warn: SearchSettings: "get: No settings file exists, new profile?" (new Error("", "(unknown module)"))
1615034390884	Marionette	INFO	Listening on port 57792
1615034391233	Marionette	WARN	TLS certificate errors will be ignored for this session
JavaScript error: https://secure.quantserve.com/quant.js, line 2: NS_ERROR_UNEXPECTED: 
1615034658021	Marionette	INFO	Stopped listening on port 57792

###!!! [Child][RunMessage] Error: Channel closing: too late to send/recv, messages will be lost

1615034677640	geckodriver	INFO	Listening on 127.0.0.1:58210
1615034680685	mozrunner::runner	INFO	Running command: "C:\\Program Files\\Mozilla Firefox\\firefox.exe" "--marionette" "-foreground" "-no-remote" "-profile" "C:\\Users\\Viktor\\AppData\\Local\\Temp\\rust_mozprofileSOqxO3"
console.warn: SearchSettings: "get: No settings file exists, new profile?" (new Error("", "(unknown module)"))
1615034682921	Marionette	INFO	Listening on port 58221
1615034683344	Marionette	WARN	TLS certificate errors will be ignored for this session
1615034687272	Marionette	INFO	Stopped listening on port 58221

###!!! [Child][RunMessage] Error: Channel closing: too late to send/recv, messages will be lost

1615034700131	geckodriver	INFO	Listening on 127.0.0.1:58304
1615034703199	mozrunner::runner	INFO	Running command: "C:\\Program Files\\Mozilla Firefox\\firefox.exe" "--marionette" "-foreground" "-no-remote" "-profile" "C:\\Users\\Viktor\\AppData\\Local\\Temp\\rust_mozprofileTfDyb3"
console.warn: SearchSettings: "get: No settings file exists, new profile?" (new Error("", "(unknown module)"))
1615034705413	Marionette	INFO	Listening on port 58316
1615034705868	Marionette	WARN	TLS certificate errors will be ignored for this session
1615034729493	geckodriver	INFO	Listening on 127.0.0.1:58417
1615034732552	mozrunner::runner	INFO	Running command: "C:\\Program Files\\Mozilla Firefox\\firefox.exe" "--marionette" "-foreground" "-no-remote" "-profile" "C:\\Users\\Viktor\\AppData\\Local\\Temp\\rust_mozprofile8LnESn"
console.warn: SearchSettings: "get: No settings file exists, new profile?" (new Error("", "(unknown module)"))
1615034734759	Marionette	INFO	Listening on port 58427
1615034735228	Marionette	WARN	TLS certificate errors will be ignored for this session
1615034746423	geckodriver	INFO	Listening on 127.0.0.1:58508
1615034749469	mozrunner::runner	INFO	Running command: "C:\\Program Files\\Mozilla Firefox\\firefox.exe" "--marionette" "-foreground" "-no-remote" "-profile" "C:\\Users\\Viktor\\AppData\\Local\\Temp\\rust_mozprofileIqseJL"
console.warn: SearchSettings: "get: No settings file exists, new profile?" (new Error("", "(unknown module)"))
1615034751685	Marionette	INFO	Listening on port 58519
1615034752125	Marionette	WARN	TLS certificate errors will be ignored for this session
1615034755516	Marionette	INFO	Stopped listening on port 58519

###!!! [Child][RunMessage] Error: Channel closing: too late to send/recv, messages will be lost


###!!! [Child][RunMessage] Error: Channel closing: too late to send/recv, messages will be lost

1615034761251	geckodriver	INFO	Listening on 127.0.0.1:58598
1615034764314	mozrunner::runner	INFO	Running command: "C:\\Program Files\\Mozilla Firefox\\firefox.exe" "--marionette" "-foreground" "-no-remote" "-profile" "C:\\Users\\Viktor\\AppData\\Local\\Temp\\rust_mozprofileI0eyV2"
console.warn: SearchSettings: "get: No settings file exists, new profile?" (new Error("", "(unknown module)"))
1615034766572	Marionette	INFO	Listening on port 58609
1615034766990	Marionette	WARN	TLS certificate errors will be ignored for this session
1615034770531	Marionette	INFO	Stopped listening on port 58609

###!!! [Child][RunMessage] Error: Channel closing: too late to send/recv, messages will be lost

1615034775645	geckodriver	INFO	Listening on 127.0.0.1:58682
1615034778690	mozrunner::runner	INFO	Running command: "C:\\Program Files\\Mozilla Firefox\\firefox.exe" "--marionette" "-foreground" "-no-remote" "-profile" "C:\\Users\\Viktor\\AppData\\Local\\Temp\\rust_mozprofilewdQVlV"
console.warn: SearchSettings: "get: No settings file exists, new profile?" (new Error("", "(unknown module)"))
1615034781027	Marionette	INFO	Listening on port 58691
1615034781359	Marionette	WARN	TLS certificate errors will be ignored for this session
1615034808423	geckodriver	INFO	Listening on 127.0.0.1:58792
1615034811509	mozrunner::runner	INFO	Running command: "C:\\Program Files\\Mozilla Firefox\\firefox.exe" "--marionette" "-foreground" "-no-remote" "-profile" "C:\\Users\\Viktor\\AppData\\Local\\Temp\\rust_mozprofilejV6dhy"
console.warn: SearchSettings: "get: No settings file exists, new profile?" (new Error("", "(unknown module)"))
1615034813854	Marionette	INFO	Listening on port 58801
1615034814167	Marionette	WARN	TLS certificate errors will be ignored for this session
1615034822108	Marionette	INFO	Stopped listening on port 58801

###!!! [Child][RunMessage] Error: Channel closing: too late to send/recv, messages will be lost

1615034911170	geckodriver	INFO	Listening on 127.0.0.1:58987
1615034914207	mozrunner::runner	INFO	Running command: "C:\\Program Files\\Mozilla Firefox\\firefox.exe" "--marionette" "-foreground" "-no-remote" "-profile" "C:\\Users\\Viktor\\AppData\\Local\\Temp\\rust_mozprofileLsazPU"
console.warn: SearchSettings: "get: No settings file exists, new profile?" (new Error("", "(unknown module)"))
1615034916432	Marionette	INFO	Listening on port 58998
1615034916882	Marionette	WARN	TLS certificate errors will be ignored for this session
1615034927808	geckodriver	INFO	Listening on 127.0.0.1:59078
1615034930854	mozrunner::runner	INFO	Running command: "C:\\Program Files\\Mozilla Firefox\\firefox.exe" "--marionette" "-foreground" "-no-remote" "-profile" "C:\\Users\\Viktor\\AppData\\Local\\Temp\\rust_mozprofileLN6o4W"
console.warn: SearchSettings: "get: No settings file exists, new profile?" (new Error("", "(unknown module)"))
1615034933248	Marionette	INFO	Listening on port 59088
1615034933525	Marionette	WARN	TLS certificate errors will be ignored for this session
1615034973454	geckodriver	INFO	Listening on 127.0.0.1:59194
1615034976518	mozrunner::runner	INFO	Running command: "C:\\Program Files\\Mozilla Firefox\\firefox.exe" "--marionette" "-foreground" "-no-remote" "-profile" "C:\\Users\\Viktor\\AppData\\Local\\Temp\\rust_mozprofilecjKO91"
console.warn: SearchSettings: "get: No settings file exists, new profile?" (new Error("", "(unknown module)"))
1615034978901	Marionette	INFO	Listening on port 59206
1615034979186	Marionette	WARN	TLS certificate errors will be ignored for this session
1615034980947	Marionette	INFO	Stopped listening on port 59206
[Parent 15556, IPC I/O Parent] WARNING: file /builds/worker/checkouts/gecko/ipc/chromium/src/base/process_util_win.cc:167
JavaScript error: https://www.gstatic.com/_/mss/boq-search/_/js/k=boq-search.VisualFrontendUi.ru.amqcDA6vhvQ.es5.O/am=ZQUg-RLZCAAAEMkQABAAAQKAsYAxcBAHIEGOAQEAAAAECQEYAAD4AAACAAAAXPDgEAAAAAAAADSICAAAAACgiw/d=1/excm=_b,_tp,searchview/ed=1/dg=0/wt=2/ct=zgms/rs=AH7-fg6TIzWNah4WzVzQpdHSCq2IglntaQ/m=_b,_tp, line 570: NS_ERROR_NOT_INITIALIZED: 
JavaScript error: https://www.gstatic.com/_/mss/boq-search/_/js/k=boq-search.VisualFrontendUi.ru.amqcDA6vhvQ.es5.O/am=ZQUg-RLZCAAAEMkQABAAAQKAsYAxcBAHIEGOAQEAAAAECQEYAAD4AAACAAAAXPDgEAAAAAAAADSICAAAAACgiw/d=1/excm=_b,_tp,searchview/ed=1/dg=0/wt=2/ct=zgms/rs=AH7-fg6TIzWNah4WzVzQpdHSCq2IglntaQ/m=_b,_tp, line 570: NS_ERROR_NOT_INITIALIZED: 
1615034990389	geckodriver	INFO	Listening on 127.0.0.1:59279
1615034993471	mozrunner::runner	INFO	Running command: "C:\\Program Files\\Mozilla Firefox\\firefox.exe" "--marionette" "-foreground" "-no-remote" "-profile" "C:\\Users\\Viktor\\AppData\\Local\\Temp\\rust_mozprofile1KFki3"
console.warn: SearchSettings: "get: No settings file exists, new profile?" (new Error("", "(unknown module)"))
1615034995774	Marionette	INFO	Listening on port 59289
1615034996146	Marionette	WARN	TLS certificate errors will be ignored for this session
1615034997736	Marionette	WARN	TimedPromise timed out after 500 ms: stacktrace:
TimedPromise/<@chrome://marionette/content/sync.js:231:19
TimedPromise@chrome://marionette/content/sync.js:216:10
interaction.flushEventLoop@chrome://marionette/content/interaction.js:433:10
webdriverClickElement@chrome://marionette/content/interaction.js:179:31
1615034997943	Marionette	INFO	Stopped listening on port 59289

###!!! [Child][RunMessage] Error: Channel closing: too late to send/recv, messages will be lost

1615035005472	geckodriver	INFO	Listening on 127.0.0.1:59363
1615035008512	mozrunner::runner	INFO	Running command: "C:\\Program Files\\Mozilla Firefox\\firefox.exe" "--marionette" "-foreground" "-no-remote" "-profile" "C:\\Users\\Viktor\\AppData\\Local\\Temp\\rust_mozprofilewnhiza"
console.warn: SearchSettings: "get: No settings file exists, new profile?" (new Error("", "(unknown module)"))
1615035010780	Marionette	INFO	Listening on port 59373
1615035011182	Marionette	WARN	TLS certificate errors will be ignored for this session
1615035012454	Marionette	INFO	Stopped listening on port 59373
JavaScript error: https://www.gstatic.com/_/mss/boq-search/_/js/k=boq-search.VisualFrontendUi.ru.amqcDA6vhvQ.es5.O/am=ZQUg-RLZCAAAEMkQABAAAQKAsYAxcBAHIEEOAAEAAAAECQEYAAD4AAACAAAAXPDgEAAAAAAAADSICAAAAACgiw/d=1/excm=_b,_tp,searchview/ed=1/dg=0/wt=2/ct=zgms/rs=AH7-fg5XrgO5bcQ1AUGx_OB6Pf1F4Tpitg/m=_b,_tp, line 570: NS_ERROR_NOT_INITIALIZED: 
JavaScript error: https://www.gstatic.com/_/mss/boq-search/_/js/k=boq-search.VisualFrontendUi.ru.amqcDA6vhvQ.es5.O/am=ZQUg-RLZCAAAEMkQABAAAQKAsYAxcBAHIEEOAAEAAAAECQEYAAD4AAACAAAAXPDgEAAAAAAAADSICAAAAACgiw/d=1/excm=_b,_tp,searchview/ed=1/dg=0/wt=2/ct=zgms/rs=AH7-fg5XrgO5bcQ1AUGx_OB6Pf1F4Tpitg/m=_b,_tp, line 570: NS_ERROR_NOT_INITIALIZED: 

###!!! [Child][RunMessage] Error: Channel closing: too late to send/recv, messages will be lost

1615035049499	geckodriver	INFO	Listening on 127.0.0.1:59474
1615035052570	mozrunner::runner	INFO	Running command: "C:\\Program Files\\Mozilla Firefox\\firefox.exe" "--marionette" "-foreground" "-no-remote" "-profile" "C:\\Users\\Viktor\\AppData\\Local\\Temp\\rust_mozprofile51N43o"
console.warn: SearchSettings: "get: No settings file exists, new profile?" (new Error("", "(unknown module)"))
1615035054759	Marionette	INFO	Listening on port 59488
1615035055231	Marionette	WARN	TLS certificate errors will be ignored for this session
1615035057025	Marionette	INFO	Stopped listening on port 59488

###!!! [Child][RunMessage] Error: Channel closing: too late to send/recv, messages will be lost

1615035063187	geckodriver	INFO	Listening on 127.0.0.1:59557
1615035066240	mozrunner::runner	INFO	Running command: "C:\\Program Files\\Mozilla Firefox\\firefox.exe" "--marionette" "-foreground" "-no-remote" "-profile" "C:\\Users\\Viktor\\AppData\\Local\\Temp\\rust_mozprofileBpaSPA"
console.warn: SearchSettings: "get: No settings file exists, new profile?" (new Error("", "(unknown module)"))
1615035068512	Marionette	INFO	Listening on port 59566
1615035068918	Marionette	WARN	TLS certificate errors will be ignored for this session
1615035070847	Marionette	INFO	Stopped listening on port 59566
JavaScript error: resource://gre/modules/Sqlite.jsm, line 1030: Error: Sqlite.jsm has been shutdown. Cannot open connection to: C:\Users\Viktor\AppData\Local\Temp\rust_mozprofileBpaSPA\protections.sqlite

###!!! [Child][RunMessage] Error: Channel closing: too late to send/recv, messages will be lost

1615035093052	geckodriver	INFO	Listening on 127.0.0.1:59652
1615035096079	mozrunner::runner	INFO	Running command: "C:\\Program Files\\Mozilla Firefox\\firefox.exe" "--marionette" "-foreground" "-no-remote" "-profile" "C:\\Users\\Viktor\\AppData\\Local\\Temp\\rust_mozprofileuINpGb"
console.warn: SearchSettings: "get: No settings file exists, new profile?" (new Error("", "(unknown module)"))
1615035098505	Marionette	INFO	Listening on port 59663
1615035098769	Marionette	WARN	TLS certificate errors will be ignored for this session
JavaScript error: resource://activity-stream/lib/ASRouter.jsm, line 988: NS_ERROR_ILLEGAL_VALUE: Component returned failure code: 0x80070057 (NS_ERROR_ILLEGAL_VALUE) [nsIObserverService.removeObserver]
console.warn: services.settings: main/whats-new-panel sync interrupted by shutdown
1615035099813	Marionette	INFO	Stopped listening on port 59663

###!!! [Child][RunMessage] Error: Channel closing: too late to send/recv, messages will be lost

1615035107475	geckodriver	INFO	Listening on 127.0.0.1:59719
1615035110515	mozrunner::runner	INFO	Running command: "C:\\Program Files\\Mozilla Firefox\\firefox.exe" "--marionette" "-foreground" "-no-remote" "-profile" "C:\\Users\\Viktor\\AppData\\Local\\Temp\\rust_mozprofilefe4qGf"
console.warn: SearchSettings: "get: No settings file exists, new profile?" (new Error("", "(unknown module)"))
1615035115878	geckodriver	INFO	Listening on 127.0.0.1:59757
1615035118938	mozrunner::runner	INFO	Running command: "C:\\Program Files\\Mozilla Firefox\\firefox.exe" "--marionette" "-foreground" "-no-remote" "-profile" "C:\\Users\\Viktor\\AppData\\Local\\Temp\\rust_mozprofileDQyAkZ"
console.warn: SearchSettings: "get: No settings file exists, new profile?" (new Error("", "(unknown module)"))
1615035121114	Marionette	INFO	Listening on port 59769
1615035121605	Marionette	WARN	TLS certificate errors will be ignored for this session
1615035125723	Marionette	INFO	Stopped listening on port 59769
[Child 9264, IPC I/O Child] WARNING: pipe error: 232: file /builds/worker/checkouts/gecko/ipc/chromium/src/chrome/common/ipc_channel_win.cc:545

###!!! [Child][RunMessage] Error: Channel closing: too late to send/recv, messages will be lost

1615035214200	geckodriver	INFO	Listening on 127.0.0.1:59936
1615035217256	mozrunner::runner	INFO	Running command: "C:\\Program Files\\Mozilla Firefox\\firefox.exe" "--marionette" "-foreground" "-no-remote" "-profile" "C:\\Users\\Viktor\\AppData\\Local\\Temp\\rust_mozprofileCtyOqt"
console.warn: SearchSettings: "get: No settings file exists, new profile?" (new Error("", "(unknown module)"))
1615035219412	Marionette	INFO	Listening on port 59945
1615035219437	Marionette	WARN	TLS certificate errors will be ignored for this session
1615035233411	Marionette	INFO	Stopped listening on port 59945

###!!! [Child][RunMessage] Error: Channel closing: too late to send/recv, messages will be lost

1615035236878	geckodriver	INFO	Listening on 127.0.0.1:60027
1615035239925	mozrunner::runner	INFO	Running command: "C:\\Program Files\\Mozilla Firefox\\firefox.exe" "--marionette" "-foreground" "-no-remote" "-profile" "C:\\Users\\Viktor\\AppData\\Local\\Temp\\rust_mozprofileN84Vy6"
console.warn: SearchSettings: "get: No settings file exists, new profile?" (new Error("", "(unknown module)"))
1615035242022	Marionette	INFO	Listening on port 60036
1615035242124	Marionette	WARN	TLS certificate errors will be ignored for this session
[Parent 9316, IPC I/O Parent] WARNING: file /builds/worker/checkouts/gecko/ipc/chromium/src/base/process_util_win.cc:167
1615035244204	Marionette	INFO	Stopped listening on port 60036

###!!! [Child][RunMessage] Error: Channel closing: too late to send/recv, messages will be lost

1615035252628	geckodriver	INFO	Listening on 127.0.0.1:60112
1615035255688	mozrunner::runner	INFO	Running command: "C:\\Program Files\\Mozilla Firefox\\firefox.exe" "--marionette" "-foreground" "-no-remote" "-profile" "C:\\Users\\Viktor\\AppData\\Local\\Temp\\rust_mozprofileXlyVEu"
console.warn: SearchSettings: "get: No settings file exists, new profile?" (new Error("", "(unknown module)"))
1615035257862	Marionette	INFO	Listening on port 60122
1615035258367	Marionette	WARN	TLS certificate errors will be ignored for this session
1615035260281	Marionette	INFO	Stopped listening on port 60122
[Parent 19028, IPC I/O Parent] WARNING: file /builds/worker/checkouts/gecko/ipc/chromium/src/base/process_util_win.cc:167

###!!! [Child][RunMessage] Error: Channel closing: too late to send/recv, messages will be lost

1615035389147	geckodriver	INFO	Listening on 127.0.0.1:60291
1615035392215	mozrunner::runner	INFO	Running command: "C:\\Program Files\\Mozilla Firefox\\firefox.exe" "--marionette" "-foreground" "-no-remote" "-profile" "C:\\Users\\Viktor\\AppData\\Local\\Temp\\rust_mozprofileGDTAZT"
console.warn: SearchSettings: "get: No settings file exists, new profile?" (new Error("", "(unknown module)"))
1615035394465	Marionette	INFO	Listening on port 60303
1615035394882	Marionette	WARN	TLS certificate errors will be ignored for this session
1615035398754	Marionette	INFO	Stopped listening on port 60303

###!!! [Child][RunMessage] Error: Channel closing: too late to send/recv, messages will be lost

1615035403291	geckodriver	INFO	Listening on 127.0.0.1:60381
1615035406351	mozrunner::runner	INFO	Running command: "C:\\Program Files\\Mozilla Firefox\\firefox.exe" "--marionette" "-foreground" "-no-remote" "-profile" "C:\\Users\\Viktor\\AppData\\Local\\Temp\\rust_mozprofileBXoP7j"
console.warn: SearchSettings: "get: No settings file exists, new profile?" (new Error("", "(unknown module)"))
1615035408590	Marionette	INFO	Listening on port 60393
1615035409037	Marionette	WARN	TLS certificate errors will be ignored for this session
1615035417096	Marionette	INFO	Stopped listening on port 60393
[Child 5336, IPC I/O Child] WARNING: pipe error: 232: file /builds/worker/checkouts/gecko/ipc/chromium/src/chrome/common/ipc_channel_win.cc:545
[Child 5336, IPC I/O Child] WARNING: pipe error: 232: file /builds/worker/checkouts/gecko/ipc/chromium/src/chrome/common/ipc_channel_win.cc:545

###!!! [Child][RunMessage] Error: Channel closing: too late to send/recv, messages will be lost

1615035425194	geckodriver	INFO	Listening on 127.0.0.1:60479
1615035428236	mozrunner::runner	INFO	Running command: "C:\\Program Files\\Mozilla Firefox\\firefox.exe" "--marionette" "-foreground" "-no-remote" "-profile" "C:\\Users\\Viktor\\AppData\\Local\\Temp\\rust_mozprofilePdjMM8"
console.warn: SearchSettings: "get: No settings file exists, new profile?" (new Error("", "(unknown module)"))
1615035430449	Marionette	INFO	Listening on port 60489
1615035430896	Marionette	WARN	TLS certificate errors will be ignored for this session
1615035450058	Marionette	INFO	Stopped listening on port 60489

###!!! [Child][RunMessage] Error: Channel closing: too late to send/recv, messages will be lost

1615035499670	geckodriver	INFO	Listening on 127.0.0.1:60616
1615035502741	mozrunner::runner	INFO	Running command: "C:\\Program Files\\Mozilla Firefox\\firefox.exe" "--marionette" "-foreground" "-no-remote" "-profile" "C:\\Users\\Viktor\\AppData\\Local\\Temp\\rust_mozprofilenXe80a"
console.warn: SearchSettings: "get: No settings file exists, new profile?" (new Error("", "(unknown module)"))
1615035504930	Marionette	INFO	Listening on port 60625
1615035505413	Marionette	WARN	TLS certificate errors will be ignored for this session
1615035509358	Marionette	INFO	Stopped listening on port 60625

###!!! [Child][RunMessage] Error: Channel closing: too late to send/recv, messages will be lost

1615035516116	geckodriver	INFO	Listening on 127.0.0.1:60704
1615035519175	mozrunner::runner	INFO	Running command: "C:\\Program Files\\Mozilla Firefox\\firefox.exe" "--marionette" "-foreground" "-no-remote" "-profile" "C:\\Users\\Viktor\\AppData\\Local\\Temp\\rust_mozprofileAW11yU"
console.warn: SearchSettings: "get: No settings file exists, new profile?" (new Error("", "(unknown module)"))
1615035521523	Marionette	INFO	Listening on port 60713
1615035521843	Marionette	WARN	TLS certificate errors will be ignored for this session
1615035534112	Marionette	INFO	Stopped listening on port 60713
1615107648185	geckodriver	INFO	Listening on 127.0.0.1:54042
1615107651245	mozrunner::runner	INFO	Running command: "C:\\Program Files\\Mozilla Firefox\\firefox.exe" "--marionette" "-foreground" "-no-remote" "-profile" "C:\\Users\\Viktor\\AppData\\Local\\Temp\\rust_mozprofile5haH1N"
console.warn: SearchSettings: "get: No settings file exists, new profile?" (new Error("", "(unknown module)"))
1615107654189	Marionette	INFO	Listening on port 54050
1615107654472	Marionette	WARN	TLS certificate errors will be ignored for this session
1615107663566	Marionette	INFO	Stopped listening on port 54050

###!!! [Child][RunMessage] Error: Channel closing: too late to send/recv, messages will be lost

1615107732366	geckodriver	INFO	Listening on 127.0.0.1:54126
1615107735439	mozrunner::runner	INFO	Running command: "C:\\Program Files\\Mozilla Firefox\\firefox.exe" "--marionette" "-foreground" "-no-remote" "-profile" "C:\\Users\\Viktor\\AppData\\Local\\Temp\\rust_mozprofileDxIKcA"
console.warn: SearchSettings: "get: No settings file exists, new profile?" (new Error("", "(unknown module)"))
1615107737692	Marionette	INFO	Listening on port 54134
1615107738118	Marionette	WARN	TLS certificate errors will be ignored for this session
1615108426780	geckodriver	INFO	Listening on 127.0.0.1:54291
1615108429849	mozrunner::runner	INFO	Running command: "C:\\Program Files\\Mozilla Firefox\\firefox.exe" "--marionette" "-foreground" "-no-remote" "-profile" "C:\\Users\\Viktor\\AppData\\Local\\Temp\\rust_mozprofileFI8bAh"
console.warn: SearchSettings: "get: No settings file exists, new profile?" (new Error("", "(unknown module)"))
1615108431947	Marionette	INFO	Listening on port 54299
1615108432041	Marionette	WARN	TLS certificate errors will be ignored for this session
1615108435528	Marionette	INFO	Stopped listening on port 54299

###!!! [Child][RunMessage] Error: Channel closing: too late to send/recv, messages will be lost

1615108442422	geckodriver	INFO	Listening on 127.0.0.1:54367
1615108445505	mozrunner::runner	INFO	Running command: "C:\\Program Files\\Mozilla Firefox\\firefox.exe" "--marionette" "-foreground" "-no-remote" "-profile" "C:\\Users\\Viktor\\AppData\\Local\\Temp\\rust_mozprofilecAMGSb"
console.warn: SearchSettings: "get: No settings file exists, new profile?" (new Error("", "(unknown module)"))
1615108447722	Marionette	INFO	Listening on port 54375
1615108448180	Marionette	WARN	TLS certificate errors will be ignored for this session
1615108451465	Marionette	INFO	Stopped listening on port 54375

###!!! [Child][RunMessage] Error: Channel closing: too late to send/recv, messages will be lost

1615108457594	geckodriver	INFO	Listening on 127.0.0.1:54442
1615108460666	mozrunner::runner	INFO	Running command: "C:\\Program Files\\Mozilla Firefox\\firefox.exe" "--marionette" "-foreground" "-no-remote" "-profile" "C:\\Users\\Viktor\\AppData\\Local\\Temp\\rust_mozprofilecDEtgr"
console.warn: SearchSettings: "get: No settings file exists, new profile?" (new Error("", "(unknown module)"))
1615108462836	Marionette	INFO	Listening on port 54451
1615108463327	Marionette	WARN	TLS certificate errors will be ignored for this session
1615108626310	geckodriver	INFO	Listening on 127.0.0.1:54547
1615108629395	mozrunner::runner	INFO	Running command: "C:\\Program Files\\Mozilla Firefox\\firefox.exe" "--marionette" "-foreground" "-no-remote" "-profile" "C:\\Users\\Viktor\\AppData\\Local\\Temp\\rust_mozprofile3r2eP7"
console.warn: SearchSettings: "get: No settings file exists, new profile?" (new Error("", "(unknown module)"))
1615108631488	Marionette	INFO	Listening on port 54555
1615108631558	Marionette	WARN	TLS certificate errors will be ignored for this session
1615108634853	Marionette	INFO	Stopped listening on port 54555

###!!! [Child][RunMessage] Error: Channel closing: too late to send/recv, messages will be lost

1615108645111	geckodriver	INFO	Listening on 127.0.0.1:54621
1615108648178	mozrunner::runner	INFO	Running command: "C:\\Program Files\\Mozilla Firefox\\firefox.exe" "--marionette" "-foreground" "-no-remote" "-profile" "C:\\Users\\Viktor\\AppData\\Local\\Temp\\rust_mozprofileIzQSa9"
console.warn: SearchSettings: "get: No settings file exists, new profile?" (new Error("", "(unknown module)"))
1615108650194	Marionette	INFO	Listening on port 54629
1615108650253	Marionette	WARN	TLS certificate errors will be ignored for this session
1615108653224	Marionette	INFO	Stopped listening on port 54629

###!!! [Child][RunMessage] Error: Channel closing: too late to send/recv, messages will be lost

1615108682776	geckodriver	INFO	Listening on 127.0.0.1:54695
1615108685849	mozrunner::runner	INFO	Running command: "C:\\Program Files\\Mozilla Firefox\\firefox.exe" "--marionette" "-foreground" "-no-remote" "-profile" "C:\\Users\\Viktor\\AppData\\Local\\Temp\\rust_mozprofilew0d4sY"
console.warn: SearchSettings: "get: No settings file exists, new profile?" (new Error("", "(unknown module)"))
1615108688015	Marionette	INFO	Listening on port 54704
1615108688527	Marionette	WARN	TLS certificate errors will be ignored for this session
1615108691753	Marionette	INFO	Stopped listening on port 54704

###!!! [Child][RunMessage] Error: Channel closing: too late to send/recv, messages will be lost

1615108710055	geckodriver	INFO	Listening on 127.0.0.1:54772
1615108713127	mozrunner::runner	INFO	Running command: "C:\\Program Files\\Mozilla Firefox\\firefox.exe" "--marionette" "-foreground" "-no-remote" "-profile" "C:\\Users\\Viktor\\AppData\\Local\\Temp\\rust_mozprofile7NVw3s"
console.warn: SearchSettings: "get: No settings file exists, new profile?" (new Error("", "(unknown module)"))
1615108715175	Marionette	INFO	Listening on port 54782
1615108715285	Marionette	WARN	TLS certificate errors will be ignored for this session
1615108737067	geckodriver	INFO	Listening on 127.0.0.1:54854
1615108740154	mozrunner::runner	INFO	Running command: "C:\\Program Files\\Mozilla Firefox\\firefox.exe" "--marionette" "-foreground" "-no-remote" "-profile" "C:\\Users\\Viktor\\AppData\\Local\\Temp\\rust_mozprofileKuUvyB"
console.warn: SearchSettings: "get: No settings file exists, new profile?" (new Error("", "(unknown module)"))
1615108742600	Marionette	INFO	Listening on port 54862
1615108742823	Marionette	WARN	TLS certificate errors will be ignored for this session
1615108746559	Marionette	INFO	Stopped listening on port 54862
1615109073659	geckodriver	INFO	Listening on 127.0.0.1:54978
1615109076730	mozrunner::runner	INFO	Running command: "C:\\Program Files\\Mozilla Firefox\\firefox.exe" "--marionette" "-foreground" "-no-remote" "-profile" "C:\\Users\\Viktor\\AppData\\Local\\Temp\\rust_mozprofilev7XT35"
console.warn: SearchSettings: "get: No settings file exists, new profile?" (new Error("", "(unknown module)"))
1615109079086	Marionette	INFO	Listening on port 54988
1615109079406	Marionette	WARN	TLS certificate errors will be ignored for this session
1615109083239	Marionette	INFO	Stopped listening on port 54988

###!!! [Child][RunMessage] Error: Channel closing: too late to send/recv, messages will be lost

1615109091065	geckodriver	INFO	Listening on 127.0.0.1:55062
1615109094119	mozrunner::runner	INFO	Running command: "C:\\Program Files\\Mozilla Firefox\\firefox.exe" "--marionette" "-foreground" "-no-remote" "-profile" "C:\\Users\\Viktor\\AppData\\Local\\Temp\\rust_mozprofileKvjALy"
console.warn: SearchSettings: "get: No settings file exists, new profile?" (new Error("", "(unknown module)"))
1615109096255	Marionette	INFO	Listening on port 55070
1615109096289	Marionette	WARN	TLS certificate errors will be ignored for this session
1615109108539	Marionette	INFO	Stopped listening on port 55070

###!!! [Child][RunMessage] Error: Channel closing: too late to send/recv, messages will be lost

1615109303931	geckodriver	INFO	Listening on 127.0.0.1:55264
1615109307002	mozrunner::runner	INFO	Running command: "C:\\Program Files\\Mozilla Firefox\\firefox.exe" "--marionette" "-foreground" "-no-remote" "-profile" "C:\\Users\\Viktor\\AppData\\Local\\Temp\\rust_mozprofile8j7T1k"
console.warn: SearchSettings: "get: No settings file exists, new profile?" (new Error("", "(unknown module)"))
1615109309198	Marionette	INFO	Listening on port 55274
1615109309651	Marionette	WARN	TLS certificate errors will be ignored for this session
1615109353532	geckodriver	INFO	Listening on 127.0.0.1:55371
1615109356586	mozrunner::runner	INFO	Running command: "C:\\Program Files\\Mozilla Firefox\\firefox.exe" "--marionette" "-foreground" "-no-remote" "-profile" "C:\\Users\\Viktor\\AppData\\Local\\Temp\\rust_mozprofilevLv3fO"
console.warn: SearchSettings: "get: No settings file exists, new profile?" (new Error("", "(unknown module)"))
1615109358641	Marionette	INFO	Listening on port 55380
1615109358758	Marionette	WARN	TLS certificate errors will be ignored for this session
1615109360432	Marionette	WARN	TimedPromise timed out after 500 ms: stacktrace:
TimedPromise/<@chrome://marionette/content/sync.js:231:19
TimedPromise@chrome://marionette/content/sync.js:216:10
interaction.flushEventLoop@chrome://marionette/content/interaction.js:433:10
webdriverClickElement@chrome://marionette/content/interaction.js:179:31
1615109502532	Marionette	INFO	Stopped listening on port 55380

###!!! [Child][RunMessage] Error: Channel closing: too late to send/recv, messages will be lost

1615109515324	geckodriver	INFO	Listening on 127.0.0.1:55604
1615109518409	mozrunner::runner	INFO	Running command: "C:\\Program Files\\Mozilla Firefox\\firefox.exe" "--marionette" "-foreground" "-no-remote" "-profile" "C:\\Users\\Viktor\\AppData\\Local\\Temp\\rust_mozprofileKl9vUX"
console.warn: SearchSettings: "get: No settings file exists, new profile?" (new Error("", "(unknown module)"))
1615109520566	Marionette	INFO	Listening on port 55614
1615109521097	Marionette	WARN	TLS certificate errors will be ignored for this session
1615109525153	Marionette	INFO	Stopped listening on port 55614

###!!! [Child][RunMessage] Error: Channel closing: too late to send/recv, messages will be lost

1615109557055	geckodriver	INFO	Listening on 127.0.0.1:55709
1615109560137	mozrunner::runner	INFO	Running command: "C:\\Program Files\\Mozilla Firefox\\firefox.exe" "--marionette" "-foreground" "-no-remote" "-profile" "C:\\Users\\Viktor\\AppData\\Local\\Temp\\rust_mozprofilenCYQGs"
console.warn: SearchSettings: "get: No settings file exists, new profile?" (new Error("", "(unknown module)"))
1615109562311	Marionette	INFO	Listening on port 55719
1615109562804	Marionette	WARN	TLS certificate errors will be ignored for this session
1615109568330	Marionette	INFO	Stopped listening on port 55719

###!!! [Child][RunMessage] Error: Channel closing: too late to send/recv, messages will be lost

1615109579535	geckodriver	INFO	Listening on 127.0.0.1:55802
1615109582609	mozrunner::runner	INFO	Running command: "C:\\Program Files\\Mozilla Firefox\\firefox.exe" "--marionette" "-foreground" "-no-remote" "-profile" "C:\\Users\\Viktor\\AppData\\Local\\Temp\\rust_mozprofileVbFaCO"
console.warn: SearchSettings: "get: No settings file exists, new profile?" (new Error("", "(unknown module)"))
1615109584596	Marionette	INFO	Listening on port 55811
1615109584668	Marionette	WARN	TLS certificate errors will be ignored for this session
1615109595513	geckodriver	INFO	Listening on 127.0.0.1:55888
1615109598562	mozrunner::runner	INFO	Running command: "C:\\Program Files\\Mozilla Firefox\\firefox.exe" "--marionette" "-foreground" "-no-remote" "-profile" "C:\\Users\\Viktor\\AppData\\Local\\Temp\\rust_mozprofileYR64bF"
console.warn: SearchSettings: "get: No settings file exists, new profile?" (new Error("", "(unknown module)"))
1615109600684	Marionette	INFO	Listening on port 55898
1615109600741	Marionette	WARN	TLS certificate errors will be ignored for this session
1615109609505	Marionette	INFO	Stopped listening on port 55898

###!!! [Child][RunMessage] Error: Channel closing: too late to send/recv, messages will be lost

1615109694088	geckodriver	INFO	Listening on 127.0.0.1:56024
1615109697163	mozrunner::runner	INFO	Running command: "C:\\Program Files\\Mozilla Firefox\\firefox.exe" "--marionette" "-foreground" "-no-remote" "-profile" "C:\\Users\\Viktor\\AppData\\Local\\Temp\\rust_mozprofileoJTid1"
console.warn: SearchSettings: "get: No settings file exists, new profile?" (new Error("", "(unknown module)"))
1615109699220	Marionette	INFO	Listening on port 56035
1615109699326	Marionette	WARN	TLS certificate errors will be ignored for this session
1615109702825	Marionette	INFO	Stopped listening on port 56035

###!!! [Child][RunMessage] Error: Channel closing: too late to send/recv, messages will be lost

1615109757311	geckodriver	INFO	Listening on 127.0.0.1:56140
1615109760385	mozrunner::runner	INFO	Running command: "C:\\Program Files\\Mozilla Firefox\\firefox.exe" "--marionette" "-foreground" "-no-remote" "-profile" "C:\\Users\\Viktor\\AppData\\Local\\Temp\\rust_mozprofileWqQl3m"
console.warn: SearchSettings: "get: No settings file exists, new profile?" (new Error("", "(unknown module)"))
1615109762436	Marionette	INFO	Listening on port 56149
1615109762544	Marionette	WARN	TLS certificate errors will be ignored for this session
1615109766840	Marionette	INFO	Stopped listening on port 56149
1615109985439	geckodriver	INFO	Listening on 127.0.0.1:56359
1615109988485	mozrunner::runner	INFO	Running command: "C:\\Program Files\\Mozilla Firefox\\firefox.exe" "--marionette" "-foreground" "-no-remote" "-profile" "C:\\Users\\Viktor\\AppData\\Local\\Temp\\rust_mozprofileoz4iQO"
console.warn: SearchSettings: "get: No settings file exists, new profile?" (new Error("", "(unknown module)"))
1615109990633	Marionette	INFO	Listening on port 56368
1615109990655	Marionette	WARN	TLS certificate errors will be ignored for this session
1615109994718	Marionette	INFO	Stopped listening on port 56368

###!!! [Child][RunMessage] Error: Channel closing: too late to send/recv, messages will be lost

1615110004792	geckodriver	INFO	Listening on 127.0.0.1:56445
1615110007862	mozrunner::runner	INFO	Running command: "C:\\Program Files\\Mozilla Firefox\\firefox.exe" "--marionette" "-foreground" "-no-remote" "-profile" "C:\\Users\\Viktor\\AppData\\Local\\Temp\\rust_mozprofilegnDs0L"
console.warn: SearchSettings: "get: No settings file exists, new profile?" (new Error("", "(unknown module)"))
1615110009965	Marionette	INFO	Listening on port 56456
1615110010030	Marionette	WARN	TLS certificate errors will be ignored for this session
1615110013861	Marionette	INFO	Stopped listening on port 56456

###!!! [Child][RunMessage] Error: Channel closing: too late to send/recv, messages will be lost

1615110294716	geckodriver	INFO	Listening on 127.0.0.1:56712
1615110297794	mozrunner::runner	INFO	Running command: "C:\\Program Files\\Mozilla Firefox\\firefox.exe" "--marionette" "-foreground" "-no-remote" "-profile" "C:\\Users\\Viktor\\AppData\\Local\\Temp\\rust_mozprofilezcyrDO"
console.warn: SearchSettings: "get: No settings file exists, new profile?" (new Error("", "(unknown module)"))
1615110299861	Marionette	INFO	Listening on port 56721
1615110299968	Marionette	WARN	TLS certificate errors will be ignored for this session
1615110320318	geckodriver	INFO	Listening on 127.0.0.1:56807
1615110323394	mozrunner::runner	INFO	Running command: "C:\\Program Files\\Mozilla Firefox\\firefox.exe" "--marionette" "-foreground" "-no-remote" "-profile" "C:\\Users\\Viktor\\AppData\\Local\\Temp\\rust_mozprofilewlAgga"
console.warn: SearchSettings: "get: No settings file exists, new profile?" (new Error("", "(unknown module)"))
1615110325570	Marionette	INFO	Listening on port 56817
1615110326055	Marionette	WARN	TLS certificate errors will be ignored for this session
1615110329438	Marionette	INFO	Stopped listening on port 56817

###!!! [Child][RunMessage] Error: Channel closing: too late to send/recv, messages will be lost

1615110367196	geckodriver	INFO	Listening on 127.0.0.1:56917
1615110370278	mozrunner::runner	INFO	Running command: "C:\\Program Files\\Mozilla Firefox\\firefox.exe" "--marionette" "-foreground" "-no-remote" "-profile" "C:\\Users\\Viktor\\AppData\\Local\\Temp\\rust_mozprofileFSqQ0n"
console.warn: SearchSettings: "get: No settings file exists, new profile?" (new Error("", "(unknown module)"))
1615110372462	Marionette	INFO	Listening on port 56926
1615110372930	Marionette	WARN	TLS certificate errors will be ignored for this session
1615110376682	Marionette	INFO	Stopped listening on port 56926

###!!! [Child][RunMessage] Error: Channel closing: too late to send/recv, messages will be lost

1615110501769	geckodriver	INFO	Listening on 127.0.0.1:57076
1615110504838	mozrunner::runner	INFO	Running command: "C:\\Program Files\\Mozilla Firefox\\firefox.exe" "--marionette" "-foreground" "-no-remote" "-profile" "C:\\Users\\Viktor\\AppData\\Local\\Temp\\rust_mozprofilefedLme"
console.warn: SearchSettings: "get: No settings file exists, new profile?" (new Error("", "(unknown module)"))
1615110507020	Marionette	INFO	Listening on port 57086
1615110507533	Marionette	WARN	TLS certificate errors will be ignored for this session
1615110511186	Marionette	INFO	Stopped listening on port 57086

###!!! [Child][RunMessage] Error: Channel closing: too late to send/recv, messages will be lost

1615110694296	geckodriver	INFO	Listening on 127.0.0.1:57258
1615110697359	mozrunner::runner	INFO	Running command: "C:\\Program Files\\Mozilla Firefox\\firefox.exe" "--marionette" "-foreground" "-no-remote" "-profile" "C:\\Users\\Viktor\\AppData\\Local\\Temp\\rust_mozprofileVaKRhu"
console.warn: SearchSettings: "get: No settings file exists, new profile?" (new Error("", "(unknown module)"))
1615110699508	Marionette	INFO	Listening on port 57267
1615110700007	Marionette	WARN	TLS certificate errors will be ignored for this session
1615110703739	Marionette	INFO	Stopped listening on port 57267

###!!! [Child][RunMessage] Error: Channel closing: too late to send/recv, messages will be lost

1615110714315	geckodriver	INFO	Listening on 127.0.0.1:57345
1615110717388	mozrunner::runner	INFO	Running command: "C:\\Program Files\\Mozilla Firefox\\firefox.exe" "--marionette" "-foreground" "-no-remote" "-profile" "C:\\Users\\Viktor\\AppData\\Local\\Temp\\rust_mozprofile1oGBcL"
console.warn: SearchSettings: "get: No settings file exists, new profile?" (new Error("", "(unknown module)"))
1615110719668	Marionette	INFO	Listening on port 57355
1615110720062	Marionette	WARN	TLS certificate errors will be ignored for this session
1615110723434	Marionette	INFO	Stopped listening on port 57355

###!!! [Child][RunMessage] Error: Channel closing: too late to send/recv, messages will be lost

1615110830327	geckodriver	INFO	Listening on 127.0.0.1:57477
1615110833389	mozrunner::runner	INFO	Running command: "C:\\Program Files\\Mozilla Firefox\\firefox.exe" "--marionette" "-foreground" "-no-remote" "-profile" "C:\\Users\\Viktor\\AppData\\Local\\Temp\\rust_mozprofileDfJztD"
console.warn: SearchSettings: "get: No settings file exists, new profile?" (new Error("", "(unknown module)"))
1615110835617	Marionette	INFO	Listening on port 57486
1615110836065	Marionette	WARN	TLS certificate errors will be ignored for this session
JavaScript error: https://tpc.googlesyndication.com/sodar/sodar2.js, line 25: NotFoundError: Node.removeChild: The node to be removed is not a child of this node
1615110839325	Marionette	INFO	Stopped listening on port 57486
JavaScript error: resource://gre/modules/AsyncShutdown.jsm, line 716: Error: Phase "Sqlite.jsm: wait until all connections are closed" is finished, it is too late to register completion condition "protections.sqlite#0: waiting for shutdown"

###!!! [Child][RunMessage] Error: Channel closing: too late to send/recv, messages will be lost

1615110950020	geckodriver	INFO	Listening on 127.0.0.1:57646
1615110953104	mozrunner::runner	INFO	Running command: "C:\\Program Files\\Mozilla Firefox\\firefox.exe" "--marionette" "-foreground" "-no-remote" "-profile" "C:\\Users\\Viktor\\AppData\\Local\\Temp\\rust_mozprofileBEDf56"
console.warn: SearchSettings: "get: No settings file exists, new profile?" (new Error("", "(unknown module)"))
1615110955311	Marionette	INFO	Listening on port 57655
1615110955788	Marionette	WARN	TLS certificate errors will be ignored for this session
1615110959590	Marionette	INFO	Stopped listening on port 57655
1615111053435	geckodriver	INFO	Listening on 127.0.0.1:57781
1615111056525	mozrunner::runner	INFO	Running command: "C:\\Program Files\\Mozilla Firefox\\firefox.exe" "--marionette" "-foreground" "-no-remote" "-profile" "C:\\Users\\Viktor\\AppData\\Local\\Temp\\rust_mozprofileOYODio"
console.warn: SearchSettings: "get: No settings file exists, new profile?" (new Error("", "(unknown module)"))
1615111058521	Marionette	INFO	Listening on port 57791
1615111058586	Marionette	WARN	TLS certificate errors will be ignored for this session
1615111090510	geckodriver	INFO	Listening on 127.0.0.1:57880
1615111093555	mozrunner::runner	INFO	Running command: "C:\\Program Files\\Mozilla Firefox\\firefox.exe" "--marionette" "-foreground" "-no-remote" "-profile" "C:\\Users\\Viktor\\AppData\\Local\\Temp\\rust_mozprofileEcbGVc"
console.warn: SearchSettings: "get: No settings file exists, new profile?" (new Error("", "(unknown module)"))
1615111095740	Marionette	INFO	Listening on port 57891
1615111096226	Marionette	WARN	TLS certificate errors will be ignored for this session
1615111101197	Marionette	INFO	Stopped listening on port 57891

###!!! [Child][RunMessage] Error: Channel closing: too late to send/recv, messages will be lost

1615111490912	geckodriver	INFO	Listening on 127.0.0.1:58191
1615111494007	mozrunner::runner	INFO	Running command: "C:\\Program Files\\Mozilla Firefox\\firefox.exe" "--marionette" "-foreground" "-no-remote" "-profile" "C:\\Users\\Viktor\\AppData\\Local\\Temp\\rust_mozprofileKY6m3f"
console.warn: SearchSettings: "get: No settings file exists, new profile?" (new Error("", "(unknown module)"))
1615111496111	Marionette	INFO	Listening on port 58201
1615111496174	Marionette	WARN	TLS certificate errors will be ignored for this session
1615111507185	Marionette	INFO	Stopped listening on port 58201

###!!! [Parent][RunMessage] Error: Channel error: cannot send/recv


###!!! [Parent][RunMessage] Error: Channel error: cannot send/recv


###!!! [Parent][RunMessage] Error: Channel error: cannot send/recv


###!!! [Parent][RunMessage] Error: Channel error: cannot send/recv


###!!! [Parent][RunMessage] Error: Channel error: cannot send/recv


###!!! [Parent][RunMessage] Error: Channel error: cannot send/recv


###!!! [Parent][RunMessage] Error: Channel error: cannot send/recv


###!!! [Parent][RunMessage] Error: Channel error: cannot send/recv


###!!! [Parent][RunMessage] Error: Channel error: cannot send/recv


###!!! [Parent][RunMessage] Error: Channel error: cannot send/recv


###!!! [Parent][RunMessage] Error: Channel error: cannot send/recv


###!!! [Parent][RunMessage] Error: Channel error: cannot send/recv


###!!! [Parent][RunMessage] Error: Channel error: cannot send/recv


###!!! [Parent][RunMessage] Error: Channel error: cannot send/recv


###!!! [Parent][RunMessage] Error: Channel error: cannot send/recv


###!!! [Parent][RunMessage] Error: Channel error: cannot send/recv


###!!! [Parent][RunMessage] Error: Channel error: cannot send/recv


###!!! [Parent][RunMessage] Error: Channel error: cannot send/recv


###!!! [Parent][RunMessage] Error: Channel error: cannot send/recv


###!!! [Parent][RunMessage] Error: Channel error: cannot send/recv


###!!! [Parent][RunMessage] Error: Channel error: cannot send/recv


###!!! [Parent][RunMessage] Error: Channel error: cannot send/recv


###!!! [Parent][RunMessage] Error: Channel error: cannot send/recv


###!!! [Parent][RunMessage] Error: Channel error: cannot send/recv


###!!! [Parent][RunMessage] Error: Channel error: cannot send/recv


###!!! [Parent][RunMessage] Error: Channel error: cannot send/recv


###!!! [Parent][RunMessage] Error: Channel error: cannot send/recv


###!!! [Parent][RunMessage] Error: Channel error: cannot send/recv


###!!! [Parent][RunMessage] Error: Channel error: cannot send/recv


###!!! [Parent][RunMessage] Error: Channel error: cannot send/recv


###!!! [Parent][RunMessage] Error: Channel error: cannot send/recv


###!!! [Parent][RunMessage] Error: Channel error: cannot send/recv


###!!! [Parent][RunMessage] Error: Channel error: cannot send/recv


###!!! [Parent][RunMessage] Error: Channel error: cannot send/recv


###!!! [Parent][RunMessage] Error: Channel error: cannot send/recv


###!!! [Parent][RunMessage] Error: Channel error: cannot send/recv


###!!! [Child][RunMessage] Error: Channel closing: too late to send/recv, messages will be lost

1615111538690	geckodriver	INFO	Listening on 127.0.0.1:58297
1615111541770	mozrunner::runner	INFO	Running command: "C:\\Program Files\\Mozilla Firefox\\firefox.exe" "--marionette" "-foreground" "-no-remote" "-profile" "C:\\Users\\Viktor\\AppData\\Local\\Temp\\rust_mozprofileN1sApy"
console.warn: SearchSettings: "get: No settings file exists, new profile?" (new Error("", "(unknown module)"))
1615111543843	Marionette	INFO	Listening on port 58307
1615111543946	Marionette	WARN	TLS certificate errors will be ignored for this session
1615111551833	Marionette	INFO	Stopped listening on port 58307

###!!! [Child][RunMessage] Error: Channel closing: too late to send/recv, messages will be lost

1615111615237	geckodriver	INFO	Listening on 127.0.0.1:58417
1615111618292	mozrunner::runner	INFO	Running command: "C:\\Program Files\\Mozilla Firefox\\firefox.exe" "--marionette" "-foreground" "-no-remote" "-profile" "C:\\Users\\Viktor\\AppData\\Local\\Temp\\rust_mozprofilele9LJA"
console.warn: SearchSettings: "get: No settings file exists, new profile?" (new Error("", "(unknown module)"))
1615111620412	Marionette	INFO	Listening on port 58427
1615111620488	Marionette	WARN	TLS certificate errors will be ignored for this session
1615111622750	Marionette	INFO	Stopped listening on port 58427

###!!! [Child][RunMessage] Error: Channel closing: too late to send/recv, messages will be lost

1615111634669	geckodriver	INFO	Listening on 127.0.0.1:58477
1615111637738	mozrunner::runner	INFO	Running command: "C:\\Program Files\\Mozilla Firefox\\firefox.exe" "--marionette" "-foreground" "-no-remote" "-profile" "C:\\Users\\Viktor\\AppData\\Local\\Temp\\rust_mozprofileaJQOPT"
console.warn: SearchSettings: "get: No settings file exists, new profile?" (new Error("", "(unknown module)"))
1615111639936	Marionette	INFO	Listening on port 58486
1615111640411	Marionette	WARN	TLS certificate errors will be ignored for this session
1615111642676	Marionette	INFO	Stopped listening on port 58486

###!!! [Child][RunMessage] Error: Channel closing: too late to send/recv, messages will be lost

1615111663169	geckodriver	INFO	Listening on 127.0.0.1:58544
1615111666269	mozrunner::runner	INFO	Running command: "C:\\Program Files\\Mozilla Firefox\\firefox.exe" "--marionette" "-foreground" "-no-remote" "-profile" "C:\\Users\\Viktor\\AppData\\Local\\Temp\\rust_mozprofileabE6RN"
console.warn: SearchSettings: "get: No settings file exists, new profile?" (new Error("", "(unknown module)"))
1615111668565	Marionette	INFO	Listening on port 58553
1615111668935	Marionette	WARN	TLS certificate errors will be ignored for this session
1615111672531	Marionette	INFO	Stopped listening on port 58553

###!!! [Child][RunMessage] Error: Channel closing: too late to send/recv, messages will be lost

1615111728860	geckodriver	INFO	Listening on 127.0.0.1:58676
1615111731932	mozrunner::runner	INFO	Running command: "C:\\Program Files\\Mozilla Firefox\\firefox.exe" "--marionette" "-foreground" "-no-remote" "-profile" "C:\\Users\\Viktor\\AppData\\Local\\Temp\\rust_mozprofileZPJpOq"
console.warn: SearchSettings: "get: No settings file exists, new profile?" (new Error("", "(unknown module)"))
1615111734130	Marionette	INFO	Listening on port 58687
1615111734589	Marionette	WARN	TLS certificate errors will be ignored for this session
JavaScript error: https://pagead2.googlesyndication.com/pagead/js/adsbygoogle.js, line 226: uncaught exception: TagError: adsbygoogle.push() error: No slot size for availableWidth=0
JavaScript error: https://pagead2.googlesyndication.com/pagead/js/adsbygoogle.js, line 226: uncaught exception: TagError: adsbygoogle.push() error: No slot size for availableWidth=0
1615111738804	Marionette	INFO	Stopped listening on port 58687

###!!! [Child][RunMessage] Error: Channel closing: too late to send/recv, messages will be lost

1615111863548	geckodriver	INFO	Listening on 127.0.0.1:58872
1615111866606	mozrunner::runner	INFO	Running command: "C:\\Program Files\\Mozilla Firefox\\firefox.exe" "--marionette" "-foreground" "-no-remote" "-profile" "C:\\Users\\Viktor\\AppData\\Local\\Temp\\rust_mozprofiled1LDC5"
console.warn: SearchSettings: "get: No settings file exists, new profile?" (new Error("", "(unknown module)"))
1615111868831	Marionette	INFO	Listening on port 58882
1615111869271	Marionette	WARN	TLS certificate errors will be ignored for this session
JavaScript error: https://pagead2.googlesyndication.com/pagead/js/adsbygoogle.js, line 226: uncaught exception: TagError: adsbygoogle.push() error: No slot size for availableWidth=0
JavaScript error: https://pagead2.googlesyndication.com/pagead/js/adsbygoogle.js, line 226: uncaught exception: TagError: adsbygoogle.push() error: No slot size for availableWidth=0
1615111873296	Marionette	INFO	Stopped listening on port 58882

###!!! [Child][RunMessage] Error: Channel closing: too late to send/recv, messages will be lost

1615111922524	geckodriver	INFO	Listening on 127.0.0.1:59006
1615111925614	mozrunner::runner	INFO	Running command: "C:\\Program Files\\Mozilla Firefox\\firefox.exe" "--marionette" "-foreground" "-no-remote" "-profile" "C:\\Users\\Viktor\\AppData\\Local\\Temp\\rust_mozprofilep8WE52"
console.warn: SearchSettings: "get: No settings file exists, new profile?" (new Error("", "(unknown module)"))
1615111927732	Marionette	INFO	Listening on port 59016
1615111927786	Marionette	WARN	TLS certificate errors will be ignored for this session
1615111936386	Marionette	INFO	Stopped listening on port 59016

###!!! [Child][RunMessage] Error: Channel closing: too late to send/recv, messages will be lost

1615112071398	geckodriver	INFO	Listening on 127.0.0.1:59195
1615112074459	mozrunner::runner	INFO	Running command: "C:\\Program Files\\Mozilla Firefox\\firefox.exe" "--marionette" "-foreground" "-no-remote" "-profile" "C:\\Users\\Viktor\\AppData\\Local\\Temp\\rust_mozprofileewYnHJ"
console.warn: SearchSettings: "get: No settings file exists, new profile?" (new Error("", "(unknown module)"))
1615112076814	Marionette	INFO	Listening on port 59207
1615112077139	Marionette	WARN	TLS certificate errors will be ignored for this session
1615112079897	Marionette	INFO	Stopped listening on port 59207
1615112093551	geckodriver	INFO	Listening on 127.0.0.1:59257
1615112096623	mozrunner::runner	INFO	Running command: "C:\\Program Files\\Mozilla Firefox\\firefox.exe" "--marionette" "-foreground" "-no-remote" "-profile" "C:\\Users\\Viktor\\AppData\\Local\\Temp\\rust_mozprofileJoVA3L"
console.warn: SearchSettings: "get: No settings file exists, new profile?" (new Error("", "(unknown module)"))
1615112098938	Marionette	INFO	Listening on port 59269
1615112099288	Marionette	WARN	TLS certificate errors will be ignored for this session
JavaScript error: resource://activity-stream/lib/ASRouter.jsm, line 988: NS_ERROR_ILLEGAL_VALUE: Component returned failure code: 0x80070057 (NS_ERROR_ILLEGAL_VALUE) [nsIObserverService.removeObserver]
console.warn: services.settings: main/whats-new-panel sync interrupted by shutdown
1615112099985	Marionette	INFO	Stopped listening on port 59269

###!!! [Child][RunMessage] Error: Channel closing: too late to send/recv, messages will be lost

1615112105005	geckodriver	INFO	Listening on 127.0.0.1:59305
1615112108074	mozrunner::runner	INFO	Running command: "C:\\Program Files\\Mozilla Firefox\\firefox.exe" "--marionette" "-foreground" "-no-remote" "-profile" "C:\\Users\\Viktor\\AppData\\Local\\Temp\\rust_mozprofilegCYQUy"
console.warn: SearchSettings: "get: No settings file exists, new profile?" (new Error("", "(unknown module)"))
1615112110260	Marionette	INFO	Listening on port 59315
1615112110745	Marionette	WARN	TLS certificate errors will be ignored for this session
1615112113415	Marionette	INFO	Stopped listening on port 59315

###!!! [Child][RunMessage] Error: Channel closing: too late to send/recv, messages will be lost

1615112136266	geckodriver	INFO	Listening on 127.0.0.1:59369
1615112139337	mozrunner::runner	INFO	Running command: "C:\\Program Files\\Mozilla Firefox\\firefox.exe" "--marionette" "-foreground" "-no-remote" "-profile" "C:\\Users\\Viktor\\AppData\\Local\\Temp\\rust_mozprofilezvPOh4"
console.warn: SearchSettings: "get: No settings file exists, new profile?" (new Error("", "(unknown module)"))
1615112141575	Marionette	INFO	Listening on port 59380
1615112142005	Marionette	WARN	TLS certificate errors will be ignored for this session
1615112144791	Marionette	INFO	Stopped listening on port 59380

###!!! [Child][RunMessage] Error: Channel closing: too late to send/recv, messages will be lost

1615112149105	geckodriver	INFO	Listening on 127.0.0.1:59424
1615112152173	mozrunner::runner	INFO	Running command: "C:\\Program Files\\Mozilla Firefox\\firefox.exe" "--marionette" "-foreground" "-no-remote" "-profile" "C:\\Users\\Viktor\\AppData\\Local\\Temp\\rust_mozprofileZ90g3j"
console.warn: SearchSettings: "get: No settings file exists, new profile?" (new Error("", "(unknown module)"))
1615112154314	Marionette	INFO	Listening on port 59436
1615112154836	Marionette	WARN	TLS certificate errors will be ignored for this session
1615112157276	Marionette	INFO	Stopped listening on port 59436

###!!! [Child][RunMessage] Error: Channel closing: too late to send/recv, messages will be lost

1615112164907	geckodriver	INFO	Listening on 127.0.0.1:59481
1615112167964	mozrunner::runner	INFO	Running command: "C:\\Program Files\\Mozilla Firefox\\firefox.exe" "--marionette" "-foreground" "-no-remote" "-profile" "C:\\Users\\Viktor\\AppData\\Local\\Temp\\rust_mozprofilepfPbKc"
console.warn: SearchSettings: "get: No settings file exists, new profile?" (new Error("", "(unknown module)"))
1615112170265	Marionette	INFO	Listening on port 59490
1615112170639	Marionette	WARN	TLS certificate errors will be ignored for this session
1615112173182	Marionette	INFO	Stopped listening on port 59490

###!!! [Child][RunMessage] Error: Channel closing: too late to send/recv, messages will be lost

1615112301193	geckodriver	INFO	Listening on 127.0.0.1:59601
1615112304271	mozrunner::runner	INFO	Running command: "C:\\Program Files\\Mozilla Firefox\\firefox.exe" "--marionette" "-foreground" "-no-remote" "-profile" "C:\\Users\\Viktor\\AppData\\Local\\Temp\\rust_mozprofiledtNJ6S"
console.warn: SearchSettings: "get: No settings file exists, new profile?" (new Error("", "(unknown module)"))
1615112306318	Marionette	INFO	Listening on port 59610
1615112306417	Marionette	WARN	TLS certificate errors will be ignored for this session
1615112308905	Marionette	INFO	Stopped listening on port 59610

###!!! [Child][RunMessage] Error: Channel closing: too late to send/recv, messages will be lost

1615193267849	geckodriver	INFO	Listening on 127.0.0.1:59908
1615193270924	mozrunner::runner	INFO	Running command: "C:\\Program Files\\Mozilla Firefox\\firefox.exe" "--marionette" "-foreground" "-no-remote" "-profile" "C:\\Users\\Viktor\\AppData\\Local\\Temp\\rust_mozprofile7htLlI"
console.warn: SearchSettings: "get: No settings file exists, new profile?" (new Error("", "(unknown module)"))
1615193273709	Marionette	INFO	Listening on port 59916
1615193274140	Marionette	WARN	TLS certificate errors will be ignored for this session
1615193666056	geckodriver	INFO	Listening on 127.0.0.1:60197
1615193669121	mozrunner::runner	INFO	Running command: "C:\\Program Files\\Mozilla Firefox\\firefox.exe" "--marionette" "-foreground" "-no-remote" "-profile" "C:\\Users\\Viktor\\AppData\\Local\\Temp\\rust_mozprofile5GaZe9"
console.warn: SearchSettings: "get: No settings file exists, new profile?" (new Error("", "(unknown module)"))
1615193671202	Marionette	INFO	Listening on port 60207
1615193671287	Marionette	WARN	TLS certificate errors will be ignored for this session
1615193740263	geckodriver	INFO	Listening on 127.0.0.1:60314
1615193743317	mozrunner::runner	INFO	Running command: "C:\\Program Files\\Mozilla Firefox\\firefox.exe" "--marionette" "-foreground" "-no-remote" "-profile" "C:\\Users\\Viktor\\AppData\\Local\\Temp\\rust_mozprofile9ayYJf"
console.warn: SearchSettings: "get: No settings file exists, new profile?" (new Error("", "(unknown module)"))
1615193745501	Marionette	INFO	Listening on port 60323
1615193745991	Marionette	WARN	TLS certificate errors will be ignored for this session
1615193770419	geckodriver	INFO	Listening on 127.0.0.1:60404
1615193773489	mozrunner::runner	INFO	Running command: "C:\\Program Files\\Mozilla Firefox\\firefox.exe" "--marionette" "-foreground" "-no-remote" "-profile" "C:\\Users\\Viktor\\AppData\\Local\\Temp\\rust_mozprofileqLN5ge"
console.warn: SearchSettings: "get: No settings file exists, new profile?" (new Error("", "(unknown module)"))
1615193775564	Marionette	INFO	Listening on port 60413
1615193775663	Marionette	WARN	TLS certificate errors will be ignored for this session
1615193879916	geckodriver	INFO	Listening on 127.0.0.1:60538
1615193883002	mozrunner::runner	INFO	Running command: "C:\\Program Files\\Mozilla Firefox\\firefox.exe" "--marionette" "-foreground" "-no-remote" "-profile" "C:\\Users\\Viktor\\AppData\\Local\\Temp\\rust_mozprofilel32eUZ"
console.warn: SearchSettings: "get: No settings file exists, new profile?" (new Error("", "(unknown module)"))
1615193885206	Marionette	INFO	Listening on port 60548
1615193885682	Marionette	WARN	TLS certificate errors will be ignored for this session
1615193913100	geckodriver	INFO	Listening on 127.0.0.1:60633
1615193916187	mozrunner::runner	INFO	Running command: "C:\\Program Files\\Mozilla Firefox\\firefox.exe" "--marionette" "-foreground" "-no-remote" "-profile" "C:\\Users\\Viktor\\AppData\\Local\\Temp\\rust_mozprofileprZzRc"
console.warn: SearchSettings: "get: No settings file exists, new profile?" (new Error("", "(unknown module)"))
1615193918327	Marionette	INFO	Listening on port 60642
1615193918358	Marionette	WARN	TLS certificate errors will be ignored for this session
1615193976116	geckodriver	INFO	Listening on 127.0.0.1:60746
1615193979197	mozrunner::runner	INFO	Running command: "C:\\Program Files\\Mozilla Firefox\\firefox.exe" "--marionette" "-foreground" "-no-remote" "-profile" "C:\\Users\\Viktor\\AppData\\Local\\Temp\\rust_mozprofileD1TUdM"
console.warn: SearchSettings: "get: No settings file exists, new profile?" (new Error("", "(unknown module)"))
1615193981437	Marionette	INFO	Listening on port 60756
1615193981851	Marionette	WARN	TLS certificate errors will be ignored for this session
1615194365657	geckodriver	INFO	Listening on 127.0.0.1:61059
1615194368709	mozrunner::runner	INFO	Running command: "C:\\Program Files\\Mozilla Firefox\\firefox.exe" "--marionette" "-foreground" "-no-remote" "-profile" "C:\\Users\\Viktor\\AppData\\Local\\Temp\\rust_mozprofileVbmKhz"
console.warn: SearchSettings: "get: No settings file exists, new profile?" (new Error("", "(unknown module)"))
1615194370910	Marionette	INFO	Listening on port 61068
1615194371371	Marionette	WARN	TLS certificate errors will be ignored for this session
1615194431179	geckodriver	INFO	Listening on 127.0.0.1:61175
1615194434255	mozrunner::runner	INFO	Running command: "C:\\Program Files\\Mozilla Firefox\\firefox.exe" "--marionette" "-foreground" "-no-remote" "-profile" "C:\\Users\\Viktor\\AppData\\Local\\Temp\\rust_mozprofile7whpgW"
console.warn: SearchSettings: "get: No settings file exists, new profile?" (new Error("", "(unknown module)"))
1615194436567	Marionette	INFO	Listening on port 61184
1615194436907	Marionette	WARN	TLS certificate errors will be ignored for this session
1615194462703	geckodriver	INFO	Listening on 127.0.0.1:61269
1615194465784	mozrunner::runner	INFO	Running command: "C:\\Program Files\\Mozilla Firefox\\firefox.exe" "--marionette" "-foreground" "-no-remote" "-profile" "C:\\Users\\Viktor\\AppData\\Local\\Temp\\rust_mozprofileIfKclR"
console.warn: SearchSettings: "get: No settings file exists, new profile?" (new Error("", "(unknown module)"))
1615194467946	Marionette	INFO	Listening on port 61279
1615194468446	Marionette	WARN	TLS certificate errors will be ignored for this session
1615195135910	geckodriver	INFO	Listening on 127.0.0.1:61672
1615195138987	mozrunner::runner	INFO	Running command: "C:\\Program Files\\Mozilla Firefox\\firefox.exe" "--marionette" "-foreground" "-no-remote" "-profile" "C:\\Users\\Viktor\\AppData\\Local\\Temp\\rust_mozprofileOG1c0b"
console.warn: SearchSettings: "get: No settings file exists, new profile?" (new Error("", "(unknown module)"))
1615195141173	Marionette	INFO	Listening on port 61682
1615195141667	Marionette	WARN	TLS certificate errors will be ignored for this session
1615195182877	geckodriver	INFO	Listening on 127.0.0.1:61780
1615195185960	mozrunner::runner	INFO	Running command: "C:\\Program Files\\Mozilla Firefox\\firefox.exe" "--marionette" "-foreground" "-no-remote" "-profile" "C:\\Users\\Viktor\\AppData\\Local\\Temp\\rust_mozprofile4jjWxP"
console.warn: SearchSettings: "get: No settings file exists, new profile?" (new Error("", "(unknown module)"))
1615195188032	Marionette	INFO	Listening on port 61789
1615195188117	Marionette	WARN	TLS certificate errors will be ignored for this session
1615195231488	geckodriver	INFO	Listening on 127.0.0.1:61887
1615195234543	mozrunner::runner	INFO	Running command: "C:\\Program Files\\Mozilla Firefox\\firefox.exe" "--marionette" "-foreground" "-no-remote" "-profile" "C:\\Users\\Viktor\\AppData\\Local\\Temp\\rust_mozprofilemMkSvt"
console.warn: SearchSettings: "get: No settings file exists, new profile?" (new Error("", "(unknown module)"))
1615195236682	Marionette	INFO	Listening on port 61896
1615195236723	Marionette	WARN	TLS certificate errors will be ignored for this session
1615195276151	geckodriver	INFO	Listening on 127.0.0.1:61992
1615195279233	mozrunner::runner	INFO	Running command: "C:\\Program Files\\Mozilla Firefox\\firefox.exe" "--marionette" "-foreground" "-no-remote" "-profile" "C:\\Users\\Viktor\\AppData\\Local\\Temp\\rust_mozprofilexV2pf3"
console.warn: SearchSettings: "get: No settings file exists, new profile?" (new Error("", "(unknown module)"))
1615195281319	Marionette	INFO	Listening on port 62002
1615195281413	Marionette	WARN	TLS certificate errors will be ignored for this session
1615195334617	geckodriver	INFO	Listening on 127.0.0.1:62111
1615195337688	mozrunner::runner	INFO	Running command: "C:\\Program Files\\Mozilla Firefox\\firefox.exe" "--marionette" "-foreground" "-no-remote" "-profile" "C:\\Users\\Viktor\\AppData\\Local\\Temp\\rust_mozprofilehh54Bq"
console.warn: SearchSettings: "get: No settings file exists, new profile?" (new Error("", "(unknown module)"))
1615195339761	Marionette	INFO	Listening on port 62120
1615195339859	Marionette	WARN	TLS certificate errors will be ignored for this session
1615195368712	geckodriver	INFO	Listening on 127.0.0.1:62213
1615195371803	mozrunner::runner	INFO	Running command: "C:\\Program Files\\Mozilla Firefox\\firefox.exe" "--marionette" "-foreground" "-no-remote" "-profile" "C:\\Users\\Viktor\\AppData\\Local\\Temp\\rust_mozprofileqVJoDm"
console.warn: SearchSettings: "get: No settings file exists, new profile?" (new Error("", "(unknown module)"))
1615195373938	Marionette	INFO	Listening on port 62222
1615195373974	Marionette	WARN	TLS certificate errors will be ignored for this session
1615195414286	geckodriver	INFO	Listening on 127.0.0.1:62316
1615195417364	mozrunner::runner	INFO	Running command: "C:\\Program Files\\Mozilla Firefox\\firefox.exe" "--marionette" "-foreground" "-no-remote" "-profile" "C:\\Users\\Viktor\\AppData\\Local\\Temp\\rust_mozprofilekWL9Ej"
console.warn: SearchSettings: "get: No settings file exists, new profile?" (new Error("", "(unknown module)"))
1615195419533	Marionette	INFO	Listening on port 62326
1615195420051	Marionette	WARN	TLS certificate errors will be ignored for this session
1615195468166	geckodriver	INFO	Listening on 127.0.0.1:62425
1615195471254	mozrunner::runner	INFO	Running command: "C:\\Program Files\\Mozilla Firefox\\firefox.exe" "--marionette" "-foreground" "-no-remote" "-profile" "C:\\Users\\Viktor\\AppData\\Local\\Temp\\rust_mozprofile09JHWw"
console.warn: SearchSettings: "get: No settings file exists, new profile?" (new Error("", "(unknown module)"))
1615195473243	Marionette	INFO	Listening on port 62434
1615195473332	Marionette	WARN	TLS certificate errors will be ignored for this session
1615195781832	geckodriver	INFO	Listening on 127.0.0.1:62734
1615195784897	mozrunner::runner	INFO	Running command: "C:\\Program Files\\Mozilla Firefox\\firefox.exe" "--marionette" "--headless" "-foreground" "-no-remote" "-profile" "C:\\Users\\Viktor\\AppData\\Local\\Temp\\rust_mozprofilewzKQzg"
*** You are running in headless mode.
console.warn: SearchSettings: "get: No settings file exists, new profile?" (new Error("", "(unknown module)"))
1615195786252	Marionette	INFO	Listening on port 62744
1615195786415	Marionette	WARN	TLS certificate errors will be ignored for this session
1615198035443	geckodriver	INFO	Listening on 127.0.0.1:63918
1615198038514	mozrunner::runner	INFO	Running command: "C:\\Program Files\\Mozilla Firefox\\firefox.exe" "--marionette" "--headless" "-foreground" "-no-remote" "-profile" "C:\\Users\\Viktor\\AppData\\Local\\Temp\\rust_mozprofileYVXDNf"
*** You are running in headless mode.
console.warn: SearchSettings: "get: No settings file exists, new profile?" (new Error("", "(unknown module)"))
1615198039882	Marionette	INFO	Listening on port 63926
1615198040064	Marionette	WARN	TLS certificate errors will be ignored for this session
1615198095903	geckodriver	INFO	Listening on 127.0.0.1:63971
1615198098943	mozrunner::runner	INFO	Running command: "C:\\Program Files\\Mozilla Firefox\\firefox.exe" "--marionette" "--headless" "-foreground" "-no-remote" "-profile" "C:\\Users\\Viktor\\AppData\\Local\\Temp\\rust_mozprofilezHuqhX"
*** You are running in headless mode.
console.warn: SearchSettings: "get: No settings file exists, new profile?" (new Error("", "(unknown module)"))
1615198100281	Marionette	INFO	Listening on port 63980
1615198100483	Marionette	WARN	TLS certificate errors will be ignored for this session
1615198132346	geckodriver	INFO	Listening on 127.0.0.1:64019
1615198135437	mozrunner::runner	INFO	Running command: "C:\\Program Files\\Mozilla Firefox\\firefox.exe" "--marionette" "--headless" "-foreground" "-no-remote" "-profile" "C:\\Users\\Viktor\\AppData\\Local\\Temp\\rust_mozprofileYNXBff"
*** You are running in headless mode.
console.warn: SearchSettings: "get: No settings file exists, new profile?" (new Error("", "(unknown module)"))
1615198136683	Marionette	INFO	Listening on port 64027
1615198136977	Marionette	WARN	TLS certificate errors will be ignored for this session
1615198166136	geckodriver	INFO	Listening on 127.0.0.1:64066
1615198169197	mozrunner::runner	INFO	Running command: "C:\\Program Files\\Mozilla Firefox\\firefox.exe" "--marionette" "--headless" "-foreground" "-no-remote" "-profile" "C:\\Users\\Viktor\\AppData\\Local\\Temp\\rust_mozprofilepTCER3"
*** You are running in headless mode.
console.warn: SearchSettings: "get: No settings file exists, new profile?" (new Error("", "(unknown module)"))
1615198170458	Marionette	INFO	Listening on port 64075
1615198170741	Marionette	WARN	TLS certificate errors will be ignored for this session
1615198191851	geckodriver	INFO	Listening on 127.0.0.1:64113
1615198194931	mozrunner::runner	INFO	Running command: "C:\\Program Files\\Mozilla Firefox\\firefox.exe" "--marionette" "--headless" "-foreground" "-no-remote" "-profile" "C:\\Users\\Viktor\\AppData\\Local\\Temp\\rust_mozprofileqOVyEx"
*** You are running in headless mode.
console.warn: SearchSettings: "get: No settings file exists, new profile?" (new Error("", "(unknown module)"))
1615198196195	Marionette	INFO	Listening on port 64121
1615198196463	Marionette	WARN	TLS certificate errors will be ignored for this session
1615199209882	geckodriver	INFO	Listening on 127.0.0.1:64545
1615199212964	mozrunner::runner	INFO	Running command: "C:\\Program Files\\Mozilla Firefox\\firefox.exe" "--marionette" "--headless" "-foreground" "-no-remote" "-profile" "C:\\Users\\Viktor\\AppData\\Local\\Temp\\rust_mozprofileehN7Cu"
*** You are running in headless mode.
console.warn: SearchSettings: "get: No settings file exists, new profile?" (new Error("", "(unknown module)"))
1615199214543	Marionette	INFO	Listening on port 64554
1615199215024	Marionette	WARN	TLS certificate errors will be ignored for this session
1615199244401	geckodriver	INFO	Listening on 127.0.0.1:64646
1615199247486	mozrunner::runner	INFO	Running command: "C:\\Program Files\\Mozilla Firefox\\firefox.exe" "--marionette" "--headless" "-foreground" "-no-remote" "-profile" "C:\\Users\\Viktor\\AppData\\Local\\Temp\\rust_mozprofilex4zR3o"
*** You are running in headless mode.
console.warn: SearchSettings: "get: No settings file exists, new profile?" (new Error("", "(unknown module)"))
1615199248822	Marionette	INFO	Listening on port 64658
1615199249042	Marionette	WARN	TLS certificate errors will be ignored for this session
1615199282716	geckodriver	INFO	Listening on 127.0.0.1:64743
1615199285789	mozrunner::runner	INFO	Running command: "C:\\Program Files\\Mozilla Firefox\\firefox.exe" "--marionette" "--headless" "-foreground" "-no-remote" "-profile" "C:\\Users\\Viktor\\AppData\\Local\\Temp\\rust_mozprofile5sixay"
*** You are running in headless mode.
console.warn: SearchSettings: "get: No settings file exists, new profile?" (new Error("", "(unknown module)"))
1615199287280	Marionette	INFO	Listening on port 64753
1615199287320	Marionette	WARN	TLS certificate errors will be ignored for this session
1615199291273	geckodriver	INFO	Listening on 127.0.0.1:64803
1615199294349	mozrunner::runner	INFO	Running command: "C:\\Program Files\\Mozilla Firefox\\firefox.exe" "--marionette" "--headless" "-foreground" "-no-remote" "-profile" "C:\\Users\\Viktor\\AppData\\Local\\Temp\\rust_mozprofileEuzbCV"
*** You are running in headless mode.
console.warn: SearchSettings: "get: No settings file exists, new profile?" (new Error("", "(unknown module)"))
1615199295671	Marionette	INFO	Listening on port 64813
1615199295885	Marionette	WARN	TLS certificate errors will be ignored for this session
1615203567170	geckodriver	INFO	Listening on 127.0.0.1:65417
1615203570240	mozrunner::runner	INFO	Running command: "C:\\Program Files\\Mozilla Firefox\\firefox.exe" "--marionette" "--headless" "-foreground" "-no-remote" "-profile" "C:\\Users\\Viktor\\AppData\\Local\\Temp\\rust_mozprofiley94kCO"
*** You are running in headless mode.
console.warn: SearchSettings: "get: No settings file exists, new profile?" (new Error("", "(unknown module)"))
1615203572383	Marionette	INFO	Listening on port 65428
1615203572411	Marionette	WARN	TLS certificate errors will be ignored for this session
1615203745946	geckodriver	INFO	Listening on 127.0.0.1:65518
1615203749021	mozrunner::runner	INFO	Running command: "C:\\Program Files\\Mozilla Firefox\\firefox.exe" "--marionette" "--headless" "-foreground" "-no-remote" "-profile" "C:\\Users\\Viktor\\AppData\\Local\\Temp\\rust_mozprofileMRtU0D"
*** You are running in headless mode.
console.warn: SearchSettings: "get: No settings file exists, new profile?" (new Error("", "(unknown module)"))
1615203750495	Marionette	INFO	Listening on port 65526
1615203750572	Marionette	WARN	TLS certificate errors will be ignored for this session
1615203778498	geckodriver	INFO	Listening on 127.0.0.1:49217
1615203781576	mozrunner::runner	INFO	Running command: "C:\\Program Files\\Mozilla Firefox\\firefox.exe" "--marionette" "--headless" "-foreground" "-no-remote" "-profile" "C:\\Users\\Viktor\\AppData\\Local\\Temp\\rust_mozprofileheVpPR"
*** You are running in headless mode.
console.warn: SearchSettings: "get: No settings file exists, new profile?" (new Error("", "(unknown module)"))
1615203782939	Marionette	INFO	Listening on port 49228
1615203783117	Marionette	WARN	TLS certificate errors will be ignored for this session
1615203891845	geckodriver	INFO	Listening on 127.0.0.1:49356
1615203894902	mozrunner::runner	INFO	Running command: "C:\\Program Files\\Mozilla Firefox\\firefox.exe" "--marionette" "--headless" "-foreground" "-no-remote" "-profile" "C:\\Users\\Viktor\\AppData\\Local\\Temp\\rust_mozprofileeygSWU"
*** You are running in headless mode.
console.warn: SearchSettings: "get: No settings file exists, new profile?" (new Error("", "(unknown module)"))
1615203896156	Marionette	INFO	Listening on port 49366
1615203896444	Marionette	WARN	TLS certificate errors will be ignored for this session
1615203963027	geckodriver	INFO	Listening on 127.0.0.1:49475
1615203966096	mozrunner::runner	INFO	Running command: "C:\\Program Files\\Mozilla Firefox\\firefox.exe" "--marionette" "--headless" "-foreground" "-no-remote" "-profile" "C:\\Users\\Viktor\\AppData\\Local\\Temp\\rust_mozprofile2x7Q4E"
*** You are running in headless mode.
console.warn: SearchSettings: "get: No settings file exists, new profile?" (new Error("", "(unknown module)"))
1615203967655	Marionette	INFO	Listening on port 49485
1615203968160	Marionette	WARN	TLS certificate errors will be ignored for this session
1615203977921	geckodriver	INFO	Listening on 127.0.0.1:49557
1615203981004	mozrunner::runner	INFO	Running command: "C:\\Program Files\\Mozilla Firefox\\firefox.exe" "--marionette" "--headless" "-foreground" "-no-remote" "-profile" "C:\\Users\\Viktor\\AppData\\Local\\Temp\\rust_mozprofilenFyDRq"
*** You are running in headless mode.
console.warn: SearchSettings: "get: No settings file exists, new profile?" (new Error("", "(unknown module)"))
1615203982304	Marionette	INFO	Listening on port 49566
1615203982557	Marionette	WARN	TLS certificate errors will be ignored for this session
1615204079677	geckodriver	INFO	Listening on 127.0.0.1:49699
1615204082757	mozrunner::runner	INFO	Running command: "C:\\Program Files\\Mozilla Firefox\\firefox.exe" "--marionette" "--headless" "-foreground" "-no-remote" "-profile" "C:\\Users\\Viktor\\AppData\\Local\\Temp\\rust_mozprofilesDX7yV"
*** You are running in headless mode.
console.warn: SearchSettings: "get: No settings file exists, new profile?" (new Error("", "(unknown module)"))
1615204084166	Marionette	INFO	Listening on port 49710
1615204084306	Marionette	WARN	TLS certificate errors will be ignored for this session
1615204126699	geckodriver	INFO	Listening on 127.0.0.1:49831
1615204129768	mozrunner::runner	INFO	Running command: "C:\\Program Files\\Mozilla Firefox\\firefox.exe" "--marionette" "--headless" "-foreground" "-no-remote" "-profile" "C:\\Users\\Viktor\\AppData\\Local\\Temp\\rust_mozprofileRQnGhq"
*** You are running in headless mode.
console.warn: SearchSettings: "get: No settings file exists, new profile?" (new Error("", "(unknown module)"))
1615204131349	Marionette	INFO	Listening on port 49841
1615204131820	Marionette	WARN	TLS certificate errors will be ignored for this session
1615204165649	geckodriver	INFO	Listening on 127.0.0.1:49936
1615204168716	mozrunner::runner	INFO	Running command: "C:\\Program Files\\Mozilla Firefox\\firefox.exe" "--marionette" "--headless" "-foreground" "-no-remote" "-profile" "C:\\Users\\Viktor\\AppData\\Local\\Temp\\rust_mozprofile0QZYie"
*** You are running in headless mode.
console.warn: SearchSettings: "get: No settings file exists, new profile?" (new Error("", "(unknown module)"))
1615204170051	Marionette	INFO	Listening on port 49945
1615204170272	Marionette	WARN	TLS certificate errors will be ignored for this session
JavaScript error: resource://gre/actors/PictureInPictureChild.jsm, line 453: TypeError: this.contentWindow is null
JavaScript error: resource://gre/actors/PictureInPictureChild.jsm, line 569: TypeError: this.contentWindow is null
